{"title": "ok", "subtitle": "好吧", "arg": "ok$%好吧$%ok$%$%",         "icon": "icon.png"}
{"title": "curation", "subtitle": "内容管理", "arg": "curation$%内容管理$%curation$%$%",         "icon": "icon.png"}
{"title": "curation add", "subtitle": "管理添加", "arg": "curation add$%管理添加$%curation add$%$%",         "icon": "icon.png"}
{"title": "curation", "subtitle": "内容管理", "arg": "curation$%内容管理$%curation$%$%",         "icon": "icon.png"}
{"title": "curation add", "subtitle": "管理添加", "arg": "curation add$%管理添加$%curation add$%$%",         "icon": "icon.png"}
{"title": "cur", "subtitle": "坏蛋", "arg": "cur$%坏蛋$%cur$%$%",         "icon": "icon.png"}
{"title": "测试", "subtitle": "test", "arg": "测试$%test$%test$%$%",         "icon": "icon.png"}
{"title": "c", "subtitle": "c", "arg": "c$%c$%c$%$%",         "icon": "icon.png"}
{"title": "cur", "subtitle": "坏蛋", "arg": "cur$%坏蛋$%cur$%$%",         "icon": "icon.png"}
{"title": "curation", "subtitle": "内容管理", "arg": "curation$%内容管理$%curation$%$%",         "icon": "icon.png"}
{"title": "cur", "subtitle": "坏蛋", "arg": "cur$%坏蛋$%cur$%$%",         "icon": "icon.png"}
{"title": "curat", "subtitle": "curat", "arg": "curat$%curat$%curat$%$%",         "icon": "icon.png"}
{"title": "curation", "subtitle": "内容管理", "arg": "curation$%内容管理$%curation$%$%",         "icon": "icon.png"}
{"title": "cu", "subtitle": "屁股", "arg": "cu$%屁股$%cu$%$%",         "icon": "icon.png"}
{"title": "curation", "subtitle": "内容管理", "arg": "curation$%内容管理$%curation$%$%",         "icon": "icon.png"}
{"title": "cu", "subtitle": "屁股", "arg": "cu$%屁股$%cu$%$%",         "icon": "icon.png"}
{"title": "curation", "subtitle": "内容管理", "arg": "curation$%内容管理$%curation$%$%",         "icon": "icon.png"}
{"title": "cur", "subtitle": "坏蛋", "arg": "cur$%坏蛋$%cur$%$%",         "icon": "icon.png"}
{"title": "curation", "subtitle": "内容管理", "arg": "curation$%内容管理$%curation$%$%",         "icon": "icon.png"}
{"title": "curation", "subtitle": "内容管理", "arg": "curation$%内容管理$%curation$%$%",         "icon": "icon.png"}
{"title": "cu", "subtitle": "屁股", "arg": "cu$%屁股$%cu$%$%",         "icon": "icon.png"}
{"title": "curation", "subtitle": "内容管理", "arg": "curation$%内容管理$%curation$%$%",         "icon": "icon.png"}
{"title": "curation", "subtitle": "内容管理", "arg": "curation$%内容管理$%curation$%$%",         "icon": "icon.png"}
{"title": "curation", "subtitle": "内容管理", "arg": "curation$%内容管理$%curation$%$%",         "icon": "icon.png"}
{"title": "curation", "subtitle": "内容管理", "arg": "curation$%内容管理$%curation$%$%",         "icon": "icon.png"}
{"title": "curation", "subtitle": "内容管理", "arg": "curation$%内容管理$%curation$%$%",         "icon": "icon.png"}
{"title": "curation", "subtitle": "内容管理", "arg": "curation$%内容管理$%curation$%$%",         "icon": "icon.png"}
{"title": "j", "subtitle": "j", "arg": "j$%j$%j$%$%",         "icon": "icon.png"}
{"title": "距离", "subtitle": "distance", "arg": "距离$%distance$%distance$%$%",         "icon": "icon.png"}
{"title": "jingdu", "subtitle": "京都", "arg": "jingdu$%京都$%jingdu$%$%",         "icon": "icon.png"}
{"title": "经度", "subtitle": "longitude", "arg": "经度$%longitude$%longitude$%$%",         "icon": "icon.png"}
{"title": "纬度", "subtitle": "latitude", "arg": "纬度$%latitude$%latitude$%$%",         "icon": "icon.png"}
{"title": "纬度ç", "subtitle": "Latitude c", "arg": "纬度ç$%Latitude c$%Latitude c$%$%",         "icon": "icon.png"}
{"title": "纬度", "subtitle": "latitude", "arg": "纬度$%latitude$%latitude$%$%",         "icon": "icon.png"}
{"title": "纬度ç", "subtitle": "Latitude c", "arg": "纬度ç$%Latitude c$%Latitude c$%$%",         "icon": "icon.png"}
{"title": "纬度", "subtitle": "latitude", "arg": "纬度$%latitude$%latitude$%$%",         "icon": "icon.png"}
{"title": "选择", "subtitle": "choose", "arg": "选择$%choose$%choose$%$%",         "icon": "icon.png"}
{"title": "选择门店", "subtitle": "Select stores", "arg": "选择门店$%Select stores$%Select stores$%$%",         "icon": "icon.png"}
{"title": "huiyuan", "subtitle": "汇源果汁", "arg": "huiyuan$%汇源果汁$%huiyuan$%$%",         "icon": "icon.png"}
{"title": "会员", "subtitle": "members", "arg": "会员$%members$%members$%$%",         "icon": "icon.png"}
{"title": "等级", "subtitle": "level", "arg": "等级$%level$%level$%$%",         "icon": "icon.png"}
{"title": "洗护", "subtitle": "Wash protect", "arg": "洗护$%Wash protect$%Wash protect$%$%",         "icon": "icon.png"}
{"title": "洗护", "subtitle": "Wash protect", "arg": "洗护$%Wash protect$%Wash protect$%$%",         "icon": "icon.png"}
{"title": "下拉", "subtitle": "The drop-down", "arg": "下拉$%The drop-down$%The drop-down$%$%",         "icon": "icon.png"}
{"title": "重新", "subtitle": "again", "arg": "重新$%again$%again$%$%",         "icon": "icon.png"}
{"title": "重新定位", "subtitle": "To reposition", "arg": "重新定位$%To reposition$%To reposition$%$%",         "icon": "icon.png"}
{"title": "重新定位r", "subtitle": "Reposition r", "arg": "重新定位r$%Reposition r$%Reposition r$%$%",         "icon": "icon.png"}
{"title": "f", "subtitle": "f", "arg": "f$%f$%f$%$%",         "icon": "icon.png"}
{"title": "副标题", "subtitle": "subtitle", "arg": "副标题$%subtitle$%subtitle$%$%",         "icon": "icon.png"}
{"title": "定位", "subtitle": "positioning", "arg": "定位$%positioning$%positioning$%$%",         "icon": "icon.png"}
{"title": "经纬度", "subtitle": "Latitude and longitude", "arg": "经纬度$%Latitude and longitude$%Latitude and longitude$%$%",         "icon": "icon.png"}
{"title": "accent", "subtitle": "口音", "arg": "accent$%口音$%accent$%$%",         "icon": "icon.png"}
{"title": "juli", "subtitle": "7月1日", "arg": "juli$%7月1日$%juli$%$%",         "icon": "icon.png"}
{"title": "距离", "subtitle": "distance", "arg": "距离$%distance$%distance$%$%",         "icon": "icon.png"}
{"title": "y", "subtitle": "和", "arg": "y$%和$%y$%$%",         "icon": "icon.png"}
{"title": "预约", "subtitle": "To make an appointment", "arg": "预约$%To make an appointment$%To make an appointment$%$%",         "icon": "icon.png"}
{"title": "xia", "subtitle": "xia", "arg": "xia$%xia$%xia$%$%",         "icon": "icon.png"}
{"title": "小数", "subtitle": "The decimal", "arg": "小数$%The decimal$%The decimal$%$%",         "icon": "icon.png"}
{"title": "健身计划", "subtitle": "Fitness plan", "arg": "健身计划$%Fitness plan$%Fitness plan$%$%",         "icon": "icon.png"}
{"title": "健身计划·", "subtitle": "Fitness plan", "arg": "健身计划·$%Fitness plan$%Fitness plan$%$%",         "icon": "icon.png"}
{"title": "初级", "subtitle": "primary", "arg": "初级$%primary$%primary$%$%",         "icon": "icon.png"}
{"title": "初级健身", "subtitle": "Primary fitness", "arg": "初级健身$%Primary fitness$%Primary fitness$%$%",         "icon": "icon.png"}
{"title": "初级健身计划", "subtitle": "Primary fitness program", "arg": "初级健身计划$%Primary fitness program$%Primary fitness program$%$%",         "icon": "icon.png"}
{"title": "初级", "subtitle": "primary", "arg": "初级$%primary$%primary$%$%",         "icon": "icon.png"}
{"title": "初级健身", "subtitle": "Primary fitness", "arg": "初级健身$%Primary fitness$%Primary fitness$%$%",         "icon": "icon.png"}
{"title": "初级健身计划", "subtitle": "Primary fitness program", "arg": "初级健身计划$%Primary fitness program$%Primary fitness program$%$%",         "icon": "icon.png"}
{"title": "可用", "subtitle": "available", "arg": "可用$%available$%available$%$%",         "icon": "icon.png"}
{"title": "可用的", "subtitle": "The available", "arg": "可用的$%The available$%The available$%$%",         "icon": "icon.png"}
{"title": "可用的门店", "subtitle": "Available stores", "arg": "可用的门店$%Available stores$%Available stores$%$%",         "icon": "icon.png"}
{"title": "ka", "subtitle": "一些“", "arg": "ka$%一些“$%ka$%$%",         "icon": "icon.png"}
{"title": "Kai", "subtitle": "Kai", "arg": "Kai$%Kai$%Kai$%$%",         "icon": "icon.png"}
{"title": "开业的", "subtitle": "The opening of", "arg": "开业的$%The opening of$%The opening of$%$%",         "icon": "icon.png"}
{"title": "开业的门店", "subtitle": "Opening store", "arg": "开业的门店$%Opening store$%Opening store$%$%",         "icon": "icon.png"}
{"title": "重新", "subtitle": "again", "arg": "重新$%again$%again$%$%",         "icon": "icon.png"}
{"title": "重新定位", "subtitle": "To reposition", "arg": "重新定位$%To reposition$%To reposition$%$%",         "icon": "icon.png"}
{"title": "名字", "subtitle": "The name", "arg": "名字$%The name$%The name$%$%",         "icon": "icon.png"}
{"title": "名字外壳", "subtitle": "Name the shell", "arg": "名字外壳$%Name the shell$%Name the shell$%$%",         "icon": "icon.png"}
{"title": "horizontal", "subtitle": "水平", "arg": "horizontal$%水平$%horizontal$%$%",         "icon": "icon.png"}
{"title": "增加动作", "subtitle": "Increase the movement", "arg": "增加动作$%Increase the movement$%Increase the movement$%$%",         "icon": "icon.png"}
{"title": "Attendence", "subtitle": "考勤", "arg": "Attendence$%考勤$%Attendence$%$%",         "icon": "icon.png"}
{"title": "xiufu", "subtitle": "xiufu", "arg": "xiufu$%xiufu$%xiufu$%$%",         "icon": "icon.png"}
{"title": "修复", "subtitle": "repair", "arg": "修复$%repair$%repair$%$%",         "icon": "icon.png"}
{"title": "修复样式", "subtitle": "Repair style", "arg": "修复样式$%Repair style$%Repair style$%$%",         "icon": "icon.png"}
{"title": "bi", "subtitle": "蛋蛋", "arg": "bi$%蛋蛋$%bi$%$%",         "icon": "icon.png"}
{"title": "标签", "subtitle": "The label", "arg": "标签$%The label$%The label$%$%",         "icon": "icon.png"}
{"title": "班次", "subtitle": "shift", "arg": "班次$%shift$%shift$%$%",         "icon": "icon.png"}
{"title": "materi", "subtitle": "马特里", "arg": "materi$%马特里$%materi$%$%",         "icon": "icon.png"}
{"title": "zh", "subtitle": "古银", "arg": "zh$%古银$%zh$%$%",         "icon": "icon.png"}
{"title": "支付", "subtitle": "pay", "arg": "支付$%pay$%pay$%$%",         "icon": "icon.png"}
{"title": "支付", "subtitle": "pay", "arg": "支付$%pay$%pay$%$%",         "icon": "icon.png"}
{"title": "支付结果", "subtitle": "Pay for results", "arg": "支付结果$%Pay for results$%Pay for results$%$%",         "icon": "icon.png"}
{"title": "支付", "subtitle": "pay", "arg": "支付$%pay$%pay$%$%",         "icon": "icon.png"}
{"title": "zhifu ji", "subtitle": "芝罘区霁", "arg": "zhifu ji$%芝罘区霁$%zhifu ji$%$%",         "icon": "icon.png"}
{"title": "支付结果", "subtitle": "Pay for results", "arg": "支付结果$%Pay for results$%Pay for results$%$%",         "icon": "icon.png"}
{"title": "crown", "subtitle": "皇冠", "arg": "crown$%皇冠$%crown$%$%",         "icon": "icon.png"}
{"title": "The flex-grow CSS property specifies the flex grow factor of a flex item. It specifies how much of the available space in the flex container should be assigned to that item. If all sibling items have the same flex grow factor, then all items will receive the same share of available space, otherwise it is distributed according to the ratio defined by the different flex grow factors.

In use, flex-grow is used alongside the other flex properties flex-shrink and flex-basis, and normally defined using the flex shorthand to ensure all values are set.", "subtitle": "flex-grow CSS属性指定flex项的flex生长因子。它指定flex容器中有多少可用空间应该分配给该项。如果所有的兄弟项都具有相同的flex growth factor，那么所有项都将获得相同的可用空间份额，否则将根据不同flex growth factor所定义的比例进行分配。

在使用中，flex-grow与其他flex属性flex-shrink和flex- base一起使用，通常使用flex速记来定义，以确保设置了所有值。", "arg": "The flex-grow CSS property specifies the flex grow factor of a flex item. It specifies how much of the available space in the flex container should be assigned to that item. If all sibling items have the same flex grow factor, then all items will receive the same share of available space, otherwise it is distributed according to the ratio defined by the different flex grow factors.

In use, flex-grow is used alongside the other flex properties flex-shrink and flex-basis, and normally defined using the flex shorthand to ensure all values are set.$%flex-grow CSS属性指定flex项的flex生长因子。它指定flex容器中有多少可用空间应该分配给该项。如果所有的兄弟项都具有相同的flex growth factor，那么所有项都将获得相同的可用空间份额，否则将根据不同flex growth factor所定义的比例进行分配。

在使用中，flex-grow与其他flex属性flex-shrink和flex- base一起使用，通常使用flex速记来定义，以确保设置了所有值。$%The flex-grow CSS property specifies the flex grow factor of a flex item. It specifies how much of the available space in the flex container should be assigned to that item. If all sibling items have the same flex grow factor, then all items will receive the same share of available space, otherwise it is distributed according to the ratio defined by the different flex grow factors.

In use, flex-grow is used alongside the other flex properties flex-shrink and flex-basis, and normally defined using the flex shorthand to ensure all values are set.$%$%",         "icon": "icon.png"}
{"title": "1539487740000", "subtitle": "1539487740000", "arg": "1539487740000$%1539487740000$%1539487740000$%$%",         "icon": "icon.png"}
{"title": "shuttle", "subtitle": "航天飞机", "arg": "shuttle$%航天飞机$%shuttle$%$%",         "icon": "icon.png"}
{"title": "exclusively", "subtitle": "专门", "arg": "exclusively$%专门$%exclusively$%$%",         "icon": "icon.png"}
{"title": "guidelines", "subtitle": "的指导方针", "arg": "guidelines$%的指导方针$%guidelines$%$%",         "icon": "icon.png"}
{"title": "guidelines", "subtitle": "的指导方针", "arg": "guidelines$%的指导方针$%guidelines$%$%",         "icon": "icon.png"}
{"title": "guidelines", "subtitle": "的指导方针", "arg": "guidelines$%的指导方针$%guidelines$%$%",         "icon": "icon.png"}
{"title": "imme", "subtitle": "一旦", "arg": "imme$%一旦$%imme$%$%",         "icon": "icon.png"}
{"title": "immedit", "subtitle": "immedit", "arg": "immedit$%immedit$%immedit$%$%",         "icon": "icon.png"}
{"title": "immediate", "subtitle": "立即", "arg": "immediate$%立即$%immediate$%$%",         "icon": "icon.png"}
{"title": "immediately", "subtitle": "立即", "arg": "immediately$%立即$%immediately$%$%",         "icon": "icon.png"}
{"title": "cura", "subtitle": "牧师", "arg": "cura$%牧师$%cura$%$%",         "icon": "icon.png"}
{"title": "curated", "subtitle": "策划", "arg": "curated$%策划$%curated$%$%",         "icon": "icon.png"}
{"title": "privilege", "subtitle": "特权", "arg": "privilege$%特权$%privilege$%$%",         "icon": "icon.png"}
{"title": "订货", "subtitle": "Place an order", "arg": "订货$%Place an order$%Place an order$%$%",         "icon": "icon.png"}
{"title": "Mustache", "subtitle": "胡子", "arg": "Mustache$%胡子$%Mustache$%$%",         "icon": "icon.png"}
{"title": "pascal", "subtitle": "帕斯卡", "arg": "pascal$%帕斯卡$%pascal$%$%",         "icon": "icon.png"}
{"title": "pascal", "subtitle": "帕斯卡", "arg": "pascal$%帕斯卡$%pascal$%$%",         "icon": "icon.png"}
{"title": "pascalCase", "subtitle": "pascalCase", "arg": "pascalCase$%pascalCase$%pascalCase$%$%",         "icon": "icon.png"}
{"title": "盘点", "subtitle": "inventory", "arg": "盘点$%inventory$%inventory$%$%",         "icon": "icon.png"}
{"title": "调整了", "subtitle": "Adjust the", "arg": "调整了$%Adjust the$%Adjust the$%$%",         "icon": "icon.png"}
{"title": "调整了一些", "subtitle": "It's adjusted a little bit", "arg": "调整了一些$%It's adjusted a little bit$%It's adjusted a little bit$%$%",         "icon": "icon.png"}
{"title": "调整了一些样式", "subtitle": "Some styles have been adjusted", "arg": "调整了一些样式$%Some styles have been adjusted$%Some styles have been adjusted$%$%",         "icon": "icon.png"}
{"title": "idol", "subtitle": "偶像", "arg": "idol$%偶像$%idol$%$%",         "icon": "icon.png"}
{"title": "so", "subtitle": "所以", "arg": "so$%所以$%so$%$%",         "icon": "icon.png"}
{"title": "smooth", "subtitle": "光滑的", "arg": "smooth$%光滑的$%smooth$%$%",         "icon": "icon.png"}
{"title": "数量", "subtitle": "The number of", "arg": "数量$%The number of$%The number of$%$%",         "icon": "icon.png"}
{"title": "二维码", "subtitle": "Qr code", "arg": "二维码$%Qr code$%Qr code$%$%",         "icon": "icon.png"}
{"title": "健身", "subtitle": "fitness", "arg": "健身$%fitness$%fitness$%$%",         "icon": "icon.png"}
{"title": "健身视频", "subtitle": "Fitness video", "arg": "健身视频$%Fitness video$%Fitness video$%$%",         "icon": "icon.png"}
{"title": "s", "subtitle": "年代", "arg": "s$%年代$%s$%$%",         "icon": "icon.png"}
{"title": "审批", "subtitle": "The examination and approval", "arg": "审批$%The examination and approval$%The examination and approval$%$%",         "icon": "icon.png"}
{"title": "longitude", "subtitle": "经度", "arg": "longitude$%经度$%longitude$%$%",         "icon": "icon.png"}
{"title": "l", "subtitle": "l", "arg": "l$%l$%l$%$%",         "icon": "icon.png"}
{"title": "longitude", "subtitle": "经度", "arg": "longitude$%经度$%longitude$%$%",         "icon": "icon.png"}
{"title": "latitude", "subtitle": "纬度", "arg": "latitude$%纬度$%latitude$%$%",         "icon": "icon.png"}
{"title": "物品", "subtitle": "items", "arg": "物品$%items$%items$%$%",         "icon": "icon.png"}
{"title": "物品类型", "subtitle": "Item type", "arg": "物品类型$%Item type$%Item type$%$%",         "icon": "icon.png"}
{"title": "she", "subtitle": "她", "arg": "she$%她$%she$%$%",         "icon": "icon.png"}
{"title": "申请人", "subtitle": "The applicant", "arg": "申请人$%The applicant$%The applicant$%$%",         "icon": "icon.png"}
{"title": "审批", "subtitle": "The examination and approval", "arg": "审批$%The examination and approval$%The examination and approval$%$%",         "icon": "icon.png"}
{"title": "审批通过", "subtitle": "The examination and approval by", "arg": "审批通过$%The examination and approval by$%The examination and approval by$%$%",         "icon": "icon.png"}
{"title": "审批", "subtitle": "The examination and approval", "arg": "审批$%The examination and approval$%The examination and approval$%$%",         "icon": "icon.png"}
{"title": "提交审批", "subtitle": "Submit for examination and approval of", "arg": "提交审批$%Submit for examination and approval of$%Submit for examination and approval of$%$%",         "icon": "icon.png"}
{"title": "待审批", "subtitle": "pending", "arg": "待审批$%pending$%pending$%$%",         "icon": "icon.png"}
{"title": "审批", "subtitle": "The examination and approval", "arg": "审批$%The examination and approval$%The examination and approval$%$%",         "icon": "icon.png"}
{"title": "审批通过", "subtitle": "The examination and approval by", "arg": "审批通过$%The examination and approval by$%The examination and approval by$%$%",         "icon": "icon.png"}
{"title": "b", "subtitle": "b", "arg": "b$%b$%b$%$%",         "icon": "icon.png"}
{"title": "百分", "subtitle": "percentage", "arg": "百分$%percentage$%percentage$%$%",         "icon": "icon.png"}
{"title": "daohuo", "subtitle": "daohuo", "arg": "daohuo$%daohuo$%daohuo$%$%",         "icon": "icon.png"}
{"title": "到货率", "subtitle": "The arrival rate", "arg": "到货率$%The arrival rate$%The arrival rate$%$%",         "icon": "icon.png"}
{"title": "到货率arr", "subtitle": "The arrival of the rate of arr", "arg": "到货率arr$%The arrival of the rate of arr$%The arrival of the rate of arr$%$%",         "icon": "icon.png"}
{"title": "cell", "subtitle": "细胞", "arg": "cell$%细胞$%cell$%$%",         "icon": "icon.png"}
{"title": "col", "subtitle": "领", "arg": "col$%领$%col$%$%",         "icon": "icon.png"}
{"title": "row", "subtitle": "行", "arg": "row$%行$%row$%$%",         "icon": "icon.png"}
{"title": "物品类型", "subtitle": "Item type", "arg": "物品类型$%Item type$%Item type$%$%",         "icon": "icon.png"}
{"title": "char", "subtitle": "牛车", "arg": "char$%牛车$%char$%$%",         "icon": "icon.png"}
{"title": "charm", "subtitle": "魅力", "arg": "charm$%魅力$%charm$%$%",         "icon": "icon.png"}
{"title": "docsets", "subtitle": "docsets", "arg": "docsets$%docsets$%docsets$%$%",         "icon": "icon.png"}
{"title": "docset", "subtitle": "docset", "arg": "docset$%docset$%docset$%$%",         "icon": "icon.png"}
{"title": "已审批", "subtitle": "Have been approval", "arg": "已审批$%Have been approval$%Have been approval$%$%",         "icon": "icon.png"}
{"title": "审批", "subtitle": "The examination and approval", "arg": "审批$%The examination and approval$%The examination and approval$%$%",         "icon": "icon.png"}
{"title": "为审批", "subtitle": "For approval", "arg": "为审批$%For approval$%For approval$%$%",         "icon": "icon.png"}
{"title": "审批", "subtitle": "The examination and approval", "arg": "审批$%The examination and approval$%The examination and approval$%$%",         "icon": "icon.png"}
{"title": "未审批", "subtitle": "No approval", "arg": "未审批$%No approval$%No approval$%$%",         "icon": "icon.png"}
{"title": "审批", "subtitle": "The examination and approval", "arg": "审批$%The examination and approval$%The examination and approval$%$%",         "icon": "icon.png"}
{"title": "审批过", "subtitle": "The examination and approval before", "arg": "审批过$%The examination and approval before$%The examination and approval before$%$%",         "icon": "icon.png"}
{"title": "审批过了", "subtitle": "The examination and approval after", "arg": "审批过了$%The examination and approval after$%The examination and approval after$%$%",         "icon": "icon.png"}
{"title": "审批过", "subtitle": "The examination and approval before", "arg": "审批过$%The examination and approval before$%The examination and approval before$%$%",         "icon": "icon.png"}
{"title": "审批", "subtitle": "The examination and approval", "arg": "审批$%The examination and approval$%The examination and approval$%$%",         "icon": "icon.png"}
{"title": "已经审批", "subtitle": "Have been approval", "arg": "已经审批$%Have been approval$%Have been approval$%$%",         "icon": "icon.png"}
{"title": "已审批", "subtitle": "Have been approval", "arg": "已审批$%Have been approval$%Have been approval$%$%",         "icon": "icon.png"}
{"title": "yis", "subtitle": "彝语", "arg": "yis$%彝语$%yis$%$%",         "icon": "icon.png"}
{"title": "一身；", "subtitle": "A;", "arg": "一身；$%A;$%A;$%$%",         "icon": "icon.png"}
{"title": "已审批", "subtitle": "Have been approval", "arg": "已审批$%Have been approval$%Have been approval$%$%",         "icon": "icon.png"}
{"title": "总数", "subtitle": "The total number of", "arg": "总数$%The total number of$%The total number of$%$%",         "icon": "icon.png"}
{"title": "成本", "subtitle": "The cost of", "arg": "成本$%The cost of$%The cost of$%$%",         "icon": "icon.png"}
{"title": "修复", "subtitle": "repair", "arg": "修复$%repair$%repair$%$%",         "icon": "icon.png"}
{"title": "修复组织架构", "subtitle": "Fixing the organizational structure", "arg": "修复组织架构$%Fixing the organizational structure$%Fixing the organizational structure$%$%",         "icon": "icon.png"}
{"title": "修复组织架构不能", "subtitle": "Fix the organizational structure", "arg": "修复组织架构不能$%Fix the organizational structure$%Fix the organizational structure$%$%",         "icon": "icon.png"}
{"title": "修复组织架构不能重名", "subtitle": "Fix that the organizational structure cannot be renamed", "arg": "修复组织架构不能重名$%Fix that the organizational structure cannot be renamed$%Fix that the organizational structure cannot be renamed$%$%",         "icon": "icon.png"}
{"title": "m", "subtitle": "米", "arg": "m$%米$%m$%$%",         "icon": "icon.png"}
{"title": "名字", "subtitle": "The name", "arg": "名字$%The name$%The name$%$%",         "icon": "icon.png"}
{"title": "名字一样的", "subtitle": "nameless", "arg": "名字一样的$%nameless$%nameless$%$%",         "icon": "icon.png"}
{"title": "nameless", "subtitle": "无名的", "arg": "nameless$%无名的$%nameless$%$%",         "icon": "icon.png"}
{"title": "一样的", "subtitle": "The same", "arg": "一样的$%The same$%The same$%$%",         "icon": "icon.png"}
{"title": "一样的名字", "subtitle": "Same name", "arg": "一样的名字$%Same name$%Same name$%$%",         "icon": "icon.png"}
{"title": "计算", "subtitle": "To calculate", "arg": "计算$%To calculate$%To calculate$%$%",         "icon": "icon.png"}
{"title": "计算差异", "subtitle": "Calculate difference", "arg": "计算差异$%Calculate difference$%Calculate difference$%$%",         "icon": "icon.png"}
{"title": "improves", "subtitle": "提高了", "arg": "improves$%提高了$%improves$%$%",         "icon": "icon.png"}
{"title": "improves performance", "subtitle": "提高了性能", "arg": "improves performance$%提高了性能$%improves performance$%$%",         "icon": "icon.png"}
{"title": "refactor", "subtitle": "重构", "arg": "refactor$%重构$%refactor$%$%",         "icon": "icon.png"}
{"title": "Lian", "subtitle": "丽安", "arg": "Lian$%丽安$%Lian$%$%",         "icon": "icon.png"}
{"title": "L", "subtitle": "l", "arg": "L$%l$%L$%$%",         "icon": "icon.png"}
{"title": "练手", "subtitle": "try", "arg": "练手$%try$%try$%$%",         "icon": "icon.png"}
{"title": "练手项目", "subtitle": "Try their project", "arg": "练手项目$%Try their project$%Try their project$%$%",         "icon": "icon.png"}
{"title": "项目", "subtitle": "project", "arg": "项目$%project$%project$%$%",         "icon": "icon.png"}
{"title": "练习项目", "subtitle": "Practice project", "arg": "练习项目$%Practice project$%Practice project$%$%",         "icon": "icon.png"}
{"title": "练习", "subtitle": "practice", "arg": "练习$%practice$%practice$%$%",         "icon": "icon.png"}
{"title": "flexibility", "subtitle": "灵活性", "arg": "flexibility$%灵活性$%flexibility$%$%",         "icon": "icon.png"}
{"title": "flexibility", "subtitle": "灵活性", "arg": "flexibility$%灵活性$%flexibility$%$%",         "icon": "icon.png"}
{"title": "tw", "subtitle": "太瓦", "arg": "tw$%太瓦$%tw$%$%",         "icon": "icon.png"}
{"title": "tweak", "subtitle": "调整", "arg": "tweak$%调整$%tweak$%$%",         "icon": "icon.png"}
{"title": "ejecting", "subtitle": "喷射", "arg": "ejecting$%喷射$%ejecting$%$%",         "icon": "icon.png"}
{"title": "npm install -g @vue/cli-service-global", "subtitle": "npm安装-g @vue/ clic -service-global", "arg": "npm install -g @vue/cli-service-global$%npm安装-g @vue/ clic -service-global$%npm install -g @vue/cli-service-global$%$%",         "icon": "icon.png"}
{"title": "npm install -g @vue/cli-service-global
yd d", "subtitle": "npm安装-g @vue/ clic -service-global
码d", "arg": "npm install -g @vue/cli-service-global
yd d$%npm安装-g @vue/ clic -service-global
码d$%npm install -g @vue/cli-service-global
yd d$%$%",         "icon": "icon.png"}
{"title": "npm install -g @vue/cli-service-global
yd draw", "subtitle": "npm安装-g @vue/ clic -service-global
码画", "arg": "npm install -g @vue/cli-service-global
yd draw$%npm安装-g @vue/ clic -service-global
码画$%npm install -g @vue/cli-service-global
yd draw$%$%",         "icon": "icon.png"}
{"title": "npm install -g @vue/cli-service-global
yd drawbac", "subtitle": "npm安装-g @vue/ clic -service-global
码drawbac", "arg": "npm install -g @vue/cli-service-global
yd drawbac$%npm安装-g @vue/ clic -service-global
码drawbac$%npm install -g @vue/cli-service-global
yd drawbac$%$%",         "icon": "icon.png"}
{"title": "npm install -g @vue/cli-service-global
yd drawback", "subtitle": "npm安装-g @vue/ clic -service-global
码的缺点", "arg": "npm install -g @vue/cli-service-global
yd drawback$%npm安装-g @vue/ clic -service-global
码的缺点$%npm install -g @vue/cli-service-global
yd drawback$%$%",         "icon": "icon.png"}
{"title": "prompts", "subtitle": "提示", "arg": "prompts$%提示$%prompts$%$%",         "icon": "icon.png"}
{"title": "interactive", "subtitle": "互动", "arg": "interactive$%互动$%interactive$%$%",         "icon": "icon.png"}
{"title": "potentially", "subtitle": "潜在的", "arg": "potentially$%潜在的$%potentially$%$%",         "icon": "icon.png"}
{"title": "preset", "subtitle": "预设", "arg": "preset$%预设$%preset$%$%",         "icon": "icon.png"}
{"title": "corresponding", "subtitle": "相应的", "arg": "corresponding$%相应的$%corresponding$%$%",         "icon": "icon.png"}
{"title": "d", "subtitle": "d", "arg": "d$%d$%d$%$%",         "icon": "icon.png"}
{"title": "discha", "subtitle": "discha", "arg": "discha$%discha$%discha$%$%",         "icon": "icon.png"}
{"title": "dischange", "subtitle": "高原", "arg": "dischange$%高原$%dischange$%$%",         "icon": "icon.png"}
{"title": "discha", "subtitle": "discha", "arg": "discha$%discha$%discha$%$%",         "icon": "icon.png"}
{"title": "discharge", "subtitle": "放电", "arg": "discharge$%放电$%discharge$%$%",         "icon": "icon.png"}
{"title": "charge", "subtitle": "负责", "arg": "charge$%负责$%charge$%$%",         "icon": "icon.png"}
{"title": "零钱", "subtitle": "change", "arg": "零钱$%change$%change$%$%",         "icon": "icon.png"}
{"title": "零", "subtitle": "zero", "arg": "零$%zero$%zero$%$%",         "icon": "icon.png"}
{"title": "消费", "subtitle": "consumption", "arg": "消费$%consumption$%consumption$%$%",         "icon": "icon.png"}
{"title": "小", "subtitle": "small", "arg": "小$%small$%small$%$%",         "icon": "icon.png"}
{"title": "小费", "subtitle": "A tip", "arg": "小费$%A tip$%A tip$%$%",         "icon": "icon.png"}
{"title": "b", "subtitle": "b", "arg": "b$%b$%b$%$%",         "icon": "icon.png"}
{"title": "编译", "subtitle": "compile", "arg": "编译$%compile$%compile$%$%",         "icon": "icon.png"}
{"title": "增加", "subtitle": "increase", "arg": "增加$%increase$%increase$%$%",         "icon": "icon.png"}
{"title": "增加第一阶段", "subtitle": "Add the first stage", "arg": "增加第一阶段$%Add the first stage$%Add the first stage$%$%",         "icon": "icon.png"}
{"title": "增加第一阶段训练", "subtitle": "Add the first stage of training", "arg": "增加第一阶段训练$%Add the first stage of training$%Add the first stage of training$%$%",         "icon": "icon.png"}
{"title": "增加第一阶段训练计划", "subtitle": "Add the first stage training program", "arg": "增加第一阶段训练计划$%Add the first stage training program$%Add the first stage training program$%$%",         "icon": "icon.png"}
{"title": "更新", "subtitle": "update", "arg": "更新$%update$%update$%$%",         "icon": "icon.png"}
{"title": "更新版本号", "subtitle": "Updated version number", "arg": "更新版本号$%Updated version number$%Updated version number$%$%",         "icon": "icon.png"}
{"title": "洗护", "subtitle": "Wash protect", "arg": "洗护$%Wash protect$%Wash protect$%$%",         "icon": "icon.png"}
{"title": "洗护预约", "subtitle": "Care to make an appointment", "arg": "洗护预约$%Care to make an appointment$%Care to make an appointment$%$%",         "icon": "icon.png"}
{"title": "洗护预", "subtitle": "Wash protect in advance", "arg": "洗护预$%Wash protect in advance$%Wash protect in advance$%$%",         "icon": "icon.png"}
{"title": "洗护", "subtitle": "Wash protect", "arg": "洗护$%Wash protect$%Wash protect$%$%",         "icon": "icon.png"}
{"title": "洗护", "subtitle": "Wash protect", "arg": "洗护$%Wash protect$%Wash protect$%$%",         "icon": "icon.png"}
{"title": "洗护", "subtitle": "Wash protect", "arg": "洗护$%Wash protect$%Wash protect$%$%",         "icon": "icon.png"}
{"title": "洗护预约", "subtitle": "Care to make an appointment", "arg": "洗护预约$%Care to make an appointment$%Care to make an appointment$%$%",         "icon": "icon.png"}
{"title": "洗护", "subtitle": "Wash protect", "arg": "洗护$%Wash protect$%Wash protect$%$%",         "icon": "icon.png"}
{"title": "预约", "subtitle": "To make an appointment", "arg": "预约$%To make an appointment$%To make an appointment$%$%",         "icon": "icon.png"}
{"title": "是否", "subtitle": "Whether or not", "arg": "是否$%Whether or not$%Whether or not$%$%",         "icon": "icon.png"}
{"title": "是否预约", "subtitle": "Whether to make an appointment", "arg": "是否预约$%Whether to make an appointment$%Whether to make an appointment$%$%",         "icon": "icon.png"}
{"title": "是否预约满了", "subtitle": "Is the reservation full", "arg": "是否预约满了$%Is the reservation full$%Is the reservation full$%$%",         "icon": "icon.png"}
{"title": "datescope", "subtitle": "datescope", "arg": "datescope$%datescope$%datescope$%$%",         "icon": "icon.png"}
{"title": "Duration", "subtitle": "持续时间", "arg": "Duration$%持续时间$%Duration$%$%",         "icon": "icon.png"}
{"title": "兼容", "subtitle": "Compatible with", "arg": "兼容$%Compatible with$%Compatible with$%$%",         "icon": "icon.png"}
{"title": "计算", "subtitle": "To calculate", "arg": "计算$%To calculate$%To calculate$%$%",         "icon": "icon.png"}
{"title": "计算概率", "subtitle": "Calculate the probability", "arg": "计算概率$%Calculate the probability$%Calculate the probability$%$%",         "icon": "icon.png"}
{"title": "计算", "subtitle": "To calculate", "arg": "计算$%To calculate$%To calculate$%$%",         "icon": "icon.png"}
{"title": "出库仓", "subtitle": "Outbound warehouse", "arg": "出库仓$%Outbound warehouse$%Outbound warehouse$%$%",         "icon": "icon.png"}
{"title": "出库仓不显示", "subtitle": "Out of warehouse is not shown", "arg": "出库仓不显示$%Out of warehouse is not shown$%Out of warehouse is not shown$%$%",         "icon": "icon.png"}
{"title": "出库仓", "subtitle": "Outbound warehouse", "arg": "出库仓$%Outbound warehouse$%Outbound warehouse$%$%",         "icon": "icon.png"}
{"title": "出库仓不显示", "subtitle": "Out of warehouse is not shown", "arg": "出库仓不显示$%Out of warehouse is not shown$%Out of warehouse is not shown$%$%",         "icon": "icon.png"}
{"title": "contemplative", "subtitle": "沉思", "arg": "contemplative$%沉思$%contemplative$%$%",         "icon": "icon.png"}
{"title": "卡顿", "subtitle": "caton", "arg": "卡顿$%caton$%caton$%$%",         "icon": "icon.png"}
{"title": "卡顿", "subtitle": "caton", "arg": "卡顿$%caton$%caton$%$%",         "icon": "icon.png"}
{"title": "后台", "subtitle": "The background", "arg": "后台$%The background$%The background$%$%",         "icon": "icon.png"}
{"title": "后台报错", "subtitle": "The background error", "arg": "后台报错$%The background error$%The background error$%$%",         "icon": "icon.png"}
{"title": "后台报错不能", "subtitle": "Error cannot be reported in the background", "arg": "后台报错不能$%Error cannot be reported in the background$%Error cannot be reported in the background$%$%",         "icon": "icon.png"}
{"title": "后台报错不能支付", "subtitle": "Background error cannot be paid", "arg": "后台报错不能支付$%Background error cannot be paid$%Background error cannot be paid$%$%",         "icon": "icon.png"}
{"title": "re", "subtitle": "再保险", "arg": "re$%再保险$%re$%$%",         "icon": "icon.png"}
{"title": "人资", "subtitle": "Human resources", "arg": "人资$%Human resources$%Human resources$%$%",         "icon": "icon.png"}
{"title": "统计", "subtitle": "statistical", "arg": "统计$%statistical$%statistical$%$%",         "icon": "icon.png"}
{"title": "合并", "subtitle": "merge", "arg": "合并$%merge$%merge$%$%",         "icon": "icon.png"}
{"title": "leverage", "subtitle": "利用", "arg": "leverage$%利用$%leverage$%$%",         "icon": "icon.png"}
{"title": "monitor", "subtitle": "监控", "arg": "monitor$%监控$%monitor$%$%",         "icon": "icon.png"}
{"title": "重复", "subtitle": "repeat", "arg": "重复$%repeat$%repeat$%$%",         "icon": "icon.png"}
{"title": "重复调用", "subtitle": "Repeated calls to", "arg": "重复调用$%Repeated calls to$%Repeated calls to$%$%",         "icon": "icon.png"}
{"title": "重复调用接口", "subtitle": "Recall interface", "arg": "重复调用接口$%Recall interface$%Recall interface$%$%",         "icon": "icon.png"}
{"title": "r", "subtitle": "r", "arg": "r$%r$%r$%$%",         "icon": "icon.png"}
{"title": "入库仓", "subtitle": "Storage warehouse", "arg": "入库仓$%Storage warehouse$%Storage warehouse$%$%",         "icon": "icon.png"}
{"title": "继续", "subtitle": "Continue to", "arg": "继续$%Continue to$%Continue to$%$%",         "icon": "icon.png"}
{"title": "p", "subtitle": "p", "arg": "p$%p$%p$%$%",         "icon": "icon.png"}
{"title": "排序", "subtitle": "The sorting", "arg": "排序$%The sorting$%The sorting$%$%",         "icon": "icon.png"}
{"title": "排序优化", "subtitle": "Order to optimize", "arg": "排序优化$%Order to optimize$%Order to optimize$%$%",         "icon": "icon.png"}
{"title": "排序", "subtitle": "The sorting", "arg": "排序$%The sorting$%The sorting$%$%",         "icon": "icon.png"}
{"title": "增", "subtitle": "increase", "arg": "增$%increase$%increase$%$%",         "icon": "icon.png"}
{"title": "增加", "subtitle": "increase", "arg": "增加$%increase$%increase$%$%",         "icon": "icon.png"}
{"title": "增加半点", "subtitle": "Add half", "arg": "增加半点$%Add half$%Add half$%$%",         "icon": "icon.png"}
{"title": "xin", "subtitle": "请", "arg": "xin$%请$%xin$%$%",         "icon": "icon.png"}
{"title": "星期", "subtitle": "week", "arg": "星期$%week$%week$%$%",         "icon": "icon.png"}
{"title": "x", "subtitle": "x", "arg": "x$%x$%x$%$%",         "icon": "icon.png"}
{"title": "星期", "subtitle": "week", "arg": "星期$%week$%week$%$%",         "icon": "icon.png"}
{"title": "y", "subtitle": "和", "arg": "y$%和$%y$%$%",         "icon": "icon.png"}
{"title": "异常", "subtitle": "abnormal", "arg": "异常$%abnormal$%abnormal$%$%",         "icon": "icon.png"}
{"title": "竖条", "subtitle": "bar", "arg": "竖条$%bar$%bar$%$%",         "icon": "icon.png"}
{"title": "1540693800000", "subtitle": "1540693800000", "arg": "1540693800000$%1540693800000$%1540693800000$%$%",         "icon": "icon.png"}
{"title": "1540693800", "subtitle": "1540693800", "arg": "1540693800$%1540693800$%1540693800$%$%",         "icon": "icon.png"}
{"title": "半点", "subtitle": "any", "arg": "半点$%any$%any$%$%",         "icon": "icon.png"}
{"title": "充值", "subtitle": "top-up", "arg": "充值$%top-up$%top-up$%$%",         "icon": "icon.png"}
{"title": "充值记录", "subtitle": "Prepaid phone records", "arg": "充值记录$%Prepaid phone records$%Prepaid phone records$%$%",         "icon": "icon.png"}
{"title": "kaji", "subtitle": "个性", "arg": "kaji$%个性$%kaji$%$%",         "icon": "icon.png"}
{"title": "卡金", "subtitle": "Gold card", "arg": "卡金$%Gold card$%Gold card$%$%",         "icon": "icon.png"}
{"title": "交易", "subtitle": "trading", "arg": "交易$%trading$%trading$%$%",         "icon": "icon.png"}
{"title": "交易流水号", "subtitle": "Transaction serial number", "arg": "交易流水号$%Transaction serial number$%Transaction serial number$%$%",         "icon": "icon.png"}
{"title": "金额", "subtitle": "The amount of", "arg": "金额$%The amount of$%The amount of$%$%",         "icon": "icon.png"}
{"title": "合并代码", "subtitle": "Merge code", "arg": "合并代码$%Merge code$%Merge code$%$%",         "icon": "icon.png"}
{"title": "resolution", "subtitle": "决议", "arg": "resolution$%决议$%resolution$%$%",         "icon": "icon.png"}
{"title": "10yue", "subtitle": "10yue", "arg": "10yue$%10yue$%10yue$%$%",         "icon": "icon.png"}
{"title": "10", "subtitle": "10", "arg": "10$%10$%10$%$%",         "icon": "icon.png"}
{"title": "10月", "subtitle": "On October", "arg": "10月$%On October$%On October$%$%",         "icon": "icon.png"}
{"title": "异常", "subtitle": "abnormal", "arg": "异常$%abnormal$%abnormal$%$%",         "icon": "icon.png"}
{"title": "索引", "subtitle": "The index", "arg": "索引$%The index$%The index$%$%",         "icon": "icon.png"}
{"title": "时间戳", "subtitle": "The time stamp", "arg": "时间戳$%The time stamp$%The time stamp$%$%",         "icon": "icon.png"}
{"title": "表格", "subtitle": "form", "arg": "表格$%form$%form$%$%",         "icon": "icon.png"}
{"title": "表格滑动", "subtitle": "Sliding table", "arg": "表格滑动$%Sliding table$%Sliding table$%$%",         "icon": "icon.png"}
{"title": "表格滑动问题", "subtitle": "Table sliding problem", "arg": "表格滑动问题$%Table sliding problem$%Table sliding problem$%$%",         "icon": "icon.png"}
{"title": "yu", "subtitle": "玉", "arg": "yu$%玉$%yu$%$%",         "icon": "icon.png"}
{"title": "还原", "subtitle": "reduction", "arg": "还原$%reduction$%reduction$%$%",         "icon": "icon.png"}
{"title": "还原代码", "subtitle": "VAT code", "arg": "还原代码$%VAT code$%VAT code$%$%",         "icon": "icon.png"}
{"title": "h", "subtitle": "h", "arg": "h$%h$%h$%$%",         "icon": "icon.png"}
{"title": "行", "subtitle": "line", "arg": "行$%line$%line$%$%",         "icon": "icon.png"}
{"title": "业绩", "subtitle": "results", "arg": "业绩$%results$%results$%$%",         "icon": "icon.png"}
{"title": "定位", "subtitle": "positioning", "arg": "定位$%positioning$%positioning$%$%",         "icon": "icon.png"}
{"title": "括号", "subtitle": "parentheses", "arg": "括号$%parentheses$%parentheses$%$%",         "icon": "icon.png"}
{"title": "操作人", "subtitle": "Operation of", "arg": "操作人$%Operation of$%Operation of$%$%",         "icon": "icon.png"}
{"title": "开发", "subtitle": "The development of", "arg": "开发$%The development of$%The development of$%$%",         "icon": "icon.png"}
{"title": "开发人员", "subtitle": "The developer", "arg": "开发人员$%The developer$%The developer$%$%",         "icon": "icon.png"}
{"title": "开发人", "subtitle": "developers", "arg": "开发人$%developers$%developers$%$%",         "icon": "icon.png"}
{"title": "elasticsearch", "subtitle": "elasticsearch", "arg": "elasticsearch$%elasticsearch$%elasticsearch$%$%",         "icon": "icon.png"}
{"title": "infrastructure", "subtitle": "基础设施", "arg": "infrastructure$%基础设施$%infrastructure$%$%",         "icon": "icon.png"}
{"title": "传值", "subtitle": "The value of", "arg": "传值$%The value of$%The value of$%$%",         "icon": "icon.png"}
{"title": "传值", "subtitle": "The value of", "arg": "传值$%The value of$%The value of$%$%",         "icon": "icon.png"}
{"title": "调整", "subtitle": "Adjust the", "arg": "调整$%Adjust the$%Adjust the$%$%",         "icon": "icon.png"}
{"title": "调整文字", "subtitle": "Adjust the words", "arg": "调整文字$%Adjust the words$%Adjust the words$%$%",         "icon": "icon.png"}
{"title": "调整文字上衣", "subtitle": "Adjust text jacket", "arg": "调整文字上衣$%Adjust text jacket$%Adjust text jacket$%$%",         "icon": "icon.png"}
{"title": "调整文字", "subtitle": "Adjust the words", "arg": "调整文字$%Adjust the words$%Adjust the words$%$%",         "icon": "icon.png"}
{"title": "so", "subtitle": "所以", "arg": "so$%所以$%so$%$%",         "icon": "icon.png"}
{"title": "consume", "subtitle": "消费", "arg": "consume$%消费$%consume$%$%",         "icon": "icon.png"}
{"title": "l", "subtitle": "l", "arg": "l$%l$%l$%$%",         "icon": "icon.png"}
{"title": "LIS", "subtitle": "百合花", "arg": "LIS$%百合花$%LIS$%$%",         "icon": "icon.png"}
{"title": "历史", "subtitle": "history", "arg": "历史$%history$%history$%$%",         "icon": "icon.png"}
{"title": "历史体检", "subtitle": "A medical history", "arg": "历史体检$%A medical history$%A medical history$%$%",         "icon": "icon.png"}
{"title": "历史体检单", "subtitle": "History checklist", "arg": "历史体检单$%History checklist$%History checklist$%$%",         "icon": "icon.png"}
{"title": "品种", "subtitle": "varieties", "arg": "品种$%varieties$%varieties$%$%",         "icon": "icon.png"}
{"title": "生日", "subtitle": "birthday", "arg": "生日$%birthday$%birthday$%$%",         "icon": "icon.png"}
{"title": "贸城", "subtitle": "Trade city", "arg": "贸城$%Trade city$%Trade city$%$%",         "icon": "icon.png"}
{"title": "毛长", "subtitle": "Long hair", "arg": "毛长$%Long hair$%Long hair$%$%",         "icon": "icon.png"}
{"title": "t", "subtitle": "笔", "arg": "t$%笔$%t$%$%",         "icon": "icon.png"}
{"title": "体检", "subtitle": "A medical", "arg": "体检$%A medical$%A medical$%$%",         "icon": "icon.png"}
{"title": "体检时间", "subtitle": "Physical examination time", "arg": "体检时间$%Physical examination time$%Physical examination time$%$%",         "icon": "icon.png"}
{"title": "体检", "subtitle": "A medical", "arg": "体检$%A medical$%A medical$%$%",         "icon": "icon.png"}
{"title": "b", "subtitle": "b", "arg": "b$%b$%b$%$%",         "icon": "icon.png"}
{"title": "必填", "subtitle": "mandatory", "arg": "必填$%mandatory$%mandatory$%$%",         "icon": "icon.png"}
{"title": "必填信息", "subtitle": "Will fill in the information", "arg": "必填信息$%Will fill in the information$%Will fill in the information$%$%",         "icon": "icon.png"}
{"title": "必填", "subtitle": "mandatory", "arg": "必填$%mandatory$%mandatory$%$%",         "icon": "icon.png"}
{"title": "ji", "subtitle": "吉", "arg": "ji$%吉$%ji$%$%",         "icon": "icon.png"}
{"title": "检查", "subtitle": "check", "arg": "检查$%check$%check$%$%",         "icon": "icon.png"}
{"title": "检查部位", "subtitle": "Inspection area", "arg": "检查部位$%Inspection area$%Inspection area$%$%",         "icon": "icon.png"}
{"title": "种类", "subtitle": "species", "arg": "种类$%species$%species$%$%",         "icon": "icon.png"}
{"title": "lajax", "subtitle": "lajax", "arg": "lajax$%lajax$%lajax$%$%",         "icon": "icon.png"}
{"title": "quiver", "subtitle": "箭袋", "arg": "quiver$%箭袋$%quiver$%$%",         "icon": "icon.png"}
{"title": "入口", "subtitle": "The entrance", "arg": "入口$%The entrance$%The entrance$%$%",         "icon": "icon.png"}
{"title": "大学", "subtitle": "The university of", "arg": "大学$%The university of$%The university of$%$%",         "icon": "icon.png"}
{"title": "高德", "subtitle": "Scott", "arg": "高德$%Scott$%Scott$%$%",         "icon": "icon.png"}
{"title": "高德地图", "subtitle": "Scott map", "arg": "高德地图$%Scott map$%Scott map$%$%",         "icon": "icon.png"}
{"title": "高德地", "subtitle": "Scott,", "arg": "高德地$%Scott,$%Scott,$%$%",         "icon": "icon.png"}
{"title": "le", "subtitle": "该", "arg": "le$%该$%le$%$%",         "icon": "icon.png"}
{"title": "level", "subtitle": "水平", "arg": "level$%水平$%level$%$%",         "icon": "icon.png"}
{"title": "门店", "subtitle": "stores", "arg": "门店$%stores$%stores$%$%",         "icon": "icon.png"}
{"title": "门店", "subtitle": "stores", "arg": "门店$%stores$%stores$%$%",         "icon": "icon.png"}
{"title": "门店", "subtitle": "stores", "arg": "门店$%stores$%stores$%$%",         "icon": "icon.png"}
{"title": "门店分布", "subtitle": "Distribution of stores", "arg": "门店分布$%Distribution of stores$%Distribution of stores$%$%",         "icon": "icon.png"}
{"title": "装修", "subtitle": "decorate", "arg": "装修$%decorate$%decorate$%$%",         "icon": "icon.png"}
{"title": "sh", "subtitle": "上海", "arg": "sh$%上海$%sh$%$%",         "icon": "icon.png"}
{"title": "试营业", "subtitle": "Soft opening", "arg": "试营业$%Soft opening$%Soft opening$%$%",         "icon": "icon.png"}
{"title": "即将", "subtitle": "the", "arg": "即将$%the$%the$%$%",         "icon": "icon.png"}
{"title": "即将营业", "subtitle": "Is about to open", "arg": "即将营业$%Is about to open$%Is about to open$%$%",         "icon": "icon.png"}
{"title": "baoc", "subtitle": "baoc", "arg": "baoc$%baoc$%baoc$%$%",         "icon": "icon.png"}
{"title": "保存", "subtitle": "save", "arg": "保存$%save$%save$%$%",         "icon": "icon.png"}
{"title": "fen", "subtitle": "分", "arg": "fen$%分$%fen$%$%",         "icon": "icon.png"}
{"title": "fenfe", "subtitle": "fenfe", "arg": "fenfe$%fenfe$%fenfe$%$%",         "icon": "icon.png"}
{"title": "分", "subtitle": "points", "arg": "分$%points$%points$%$%",         "icon": "icon.png"}
{"title": "分割", "subtitle": "segmentation", "arg": "分割$%segmentation$%segmentation$%$%",         "icon": "icon.png"}
{"title": "即将", "subtitle": "the", "arg": "即将$%the$%the$%$%",         "icon": "icon.png"}
{"title": "即将开业", "subtitle": "Is getting ready for the opening", "arg": "即将开业$%Is getting ready for the opening$%Is getting ready for the opening$%$%",         "icon": "icon.png"}
{"title": "装修中", "subtitle": "In decorating", "arg": "装修中$%In decorating$%In decorating$%$%",         "icon": "icon.png"}
{"title": "x", "subtitle": "x", "arg": "x$%x$%x$%$%",         "icon": "icon.png"}
{"title": "下拉", "subtitle": "The drop-down", "arg": "下拉$%The drop-down$%The drop-down$%$%",         "icon": "icon.png"}
{"title": "Retrieves", "subtitle": "检索", "arg": "Retrieves$%检索$%Retrieves$%$%",         "icon": "icon.png"}
{"title": "c", "subtitle": "c", "arg": "c$%c$%c$%$%",         "icon": "icon.png"}
{"title": "长方形", "subtitle": "A rectangle", "arg": "长方形$%A rectangle$%A rectangle$%$%",         "icon": "icon.png"}
{"title": "动态", "subtitle": "dynamic", "arg": "动态$%dynamic$%dynamic$%$%",         "icon": "icon.png"}
{"title": "仓库", "subtitle": "warehouse", "arg": "仓库$%warehouse$%warehouse$%$%",         "icon": "icon.png"}
{"title": "h", "subtitle": "h", "arg": "h$%h$%h$%$%",         "icon": "icon.png"}
{"title": "J", "subtitle": "j", "arg": "J$%j$%J$%$%",         "icon": "icon.png"}
{"title": "精度", "subtitle": "precision", "arg": "精度$%precision$%precision$%$%",         "icon": "icon.png"}
{"title": "jin", "subtitle": "金", "arg": "jin$%金$%jin$%$%",         "icon": "icon.png"}
{"title": "精度", "subtitle": "precision", "arg": "精度$%precision$%precision$%$%",         "icon": "icon.png"}
{"title": "overlap", "subtitle": "重叠", "arg": "overlap$%重叠$%overlap$%$%",         "icon": "icon.png"}
{"title": "mo", "subtitle": "莫", "arg": "mo$%莫$%mo$%$%",         "icon": "icon.png"}
{"title": "模糊", "subtitle": "The fuzzy", "arg": "模糊$%The fuzzy$%The fuzzy$%$%",         "icon": "icon.png"}
{"title": "exposure", "subtitle": "曝光", "arg": "exposure$%曝光$%exposure$%$%",         "icon": "icon.png"}
{"title": "Proven track record", "subtitle": "良好记录", "arg": "Proven track record$%良好记录$%Proven track record$%$%",         "icon": "icon.png"}
{"title": "Proven", "subtitle": "证明", "arg": "Proven$%证明$%Proven$%$%",         "icon": "icon.png"}
{"title": "Proven", "subtitle": "证明", "arg": "Proven$%证明$%Proven$%$%",         "icon": "icon.png"}
{"title": "经营", "subtitle": "business", "arg": "经营$%business$%business$%$%",         "icon": "icon.png"}
{"title": "分析", "subtitle": "Analysis of the", "arg": "分析$%Analysis of the$%Analysis of the$%$%",         "icon": "icon.png"}
{"title": "analysis", "subtitle": "分析", "arg": "analysis$%分析$%analysis$%$%",         "icon": "icon.png"}
{"title": "suite", "subtitle": "续", "arg": "suite$%续$%suite$%$%",         "icon": "icon.png"}
{"title": "intuitive", "subtitle": "直观的", "arg": "intuitive$%直观的$%intuitive$%$%",         "icon": "icon.png"}
{"title": "prompt", "subtitle": "提示", "arg": "prompt$%提示$%prompt$%$%",         "icon": "icon.png"}
{"title": "crafted", "subtitle": "精心制作", "arg": "crafted$%精心制作$%crafted$%$%",         "icon": "icon.png"}
{"title": "eliminate", "subtitle": "消除", "arg": "eliminate$%消除$%eliminate$%$%",         "icon": "icon.png"}
{"title": "地图", "subtitle": "The map", "arg": "地图$%The map$%The map$%$%",         "icon": "icon.png"}
{"title": "地图转换为", "subtitle": "Map to", "arg": "地图转换为$%Map to$%Map to$%$%",         "icon": "icon.png"}
{"title": "地图转换为图片", "subtitle": "Map to image", "arg": "地图转换为图片$%Map to image$%Map to image$%$%",         "icon": "icon.png"}
{"title": "item.longitude", "subtitle": "item.longitude", "arg": "item.longitude$%item.longitude$%item.longitude$%$%",         "icon": "icon.png"}
{"title": "sq", "subtitle": "平方", "arg": "sq$%平方$%sq$%$%",         "icon": "icon.png"}
{"title": "squ", "subtitle": "汉堡", "arg": "squ$%汉堡$%squ$%$%",         "icon": "icon.png"}
{"title": "sy", "subtitle": "sy", "arg": "sy$%sy$%sy$%$%",         "icon": "icon.png"}
{"title": "squishing", "subtitle": "压扁", "arg": "squishing$%压扁$%squishing$%$%",         "icon": "icon.png"}
{"title": "原理", "subtitle": "The principle of", "arg": "原理$%The principle of$%The principle of$%$%",         "icon": "icon.png"}
{"title": "雏形", "subtitle": "A prototype", "arg": "雏形$%A prototype$%A prototype$%$%",         "icon": "icon.png"}
{"title": "overlaps", "subtitle": "重叠", "arg": "overlaps$%重叠$%overlaps$%$%",         "icon": "icon.png"}
{"title": "taint", "subtitle": "污染", "arg": "taint$%污染$%taint$%$%",         "icon": "icon.png"}
{"title": "yewu", "subtitle": "yewu", "arg": "yewu$%yewu$%yewu$%$%",         "icon": "icon.png"}
{"title": "业务", "subtitle": "business", "arg": "业务$%business$%business$%$%",         "icon": "icon.png"}
{"title": "staticmap", "subtitle": "staticmap", "arg": "staticmap$%staticmap$%staticmap$%$%",         "icon": "icon.png"}
{"title": "static", "subtitle": "静态", "arg": "static$%静态$%static$%$%",         "icon": "icon.png"}
{"title": "stati", "subtitle": "stati", "arg": "stati$%stati$%stati$%$%",         "icon": "icon.png"}
{"title": "递归", "subtitle": "recursive", "arg": "递归$%recursive$%recursive$%$%",         "icon": "icon.png"}
{"title": "exclude", "subtitle": "排除", "arg": "exclude$%排除$%exclude$%$%",         "icon": "icon.png"}
{"title": "休息", "subtitle": "rest", "arg": "休息$%rest$%rest$%$%",         "icon": "icon.png"}
{"title": "dotf", "subtitle": "dotf", "arg": "dotf$%dotf$%dotf$%$%",         "icon": "icon.png"}
{"title": "dotfiles", "subtitle": ".", "arg": "dotfiles$%.$%dotfiles$%$%",         "icon": "icon.png"}
{"title": "approximate", "subtitle": "近似", "arg": "approximate$%近似$%approximate$%$%",         "icon": "icon.png"}
{"title": "修复", "subtitle": "repair", "arg": "修复$%repair$%repair$%$%",         "icon": "icon.png"}
{"title": "修复页面", "subtitle": "Repair page", "arg": "修复页面$%Repair page$%Repair page$%$%",         "icon": "icon.png"}
{"title": "修复页面跳转", "subtitle": "Fix page jump", "arg": "修复页面跳转$%Fix page jump$%Fix page jump$%$%",         "icon": "icon.png"}
{"title": "修复页面跳转过快", "subtitle": "Fixed page jump too fast", "arg": "修复页面跳转过快$%Fixed page jump too fast$%Fixed page jump too fast$%$%",         "icon": "icon.png"}
{"title": "修复页面跳转过快导致的", "subtitle": "Fixed page jump caused by too fast", "arg": "修复页面跳转过快导致的$%Fixed page jump caused by too fast$%Fixed page jump caused by too fast$%$%",         "icon": "icon.png"}
{"title": "修复页面跳转过快导致的问题", "subtitle": "Fix problems caused by pages jumping too fast", "arg": "修复页面跳转过快导致的问题$%Fix problems caused by pages jumping too fast$%Fix problems caused by pages jumping too fast$%$%",         "icon": "icon.png"}
{"title": "重复", "subtitle": "repeat", "arg": "重复$%repeat$%repeat$%$%",         "icon": "icon.png"}
{"title": "丢失", "subtitle": "The loss of", "arg": "丢失$%The loss of$%The loss of$%$%",         "icon": "icon.png"}
{"title": "订货", "subtitle": "Place an order", "arg": "订货$%Place an order$%Place an order$%$%",         "icon": "icon.png"}
{"title": "cho", "subtitle": "给", "arg": "cho$%给$%cho$%$%",         "icon": "icon.png"}
{"title": "重复", "subtitle": "repeat", "arg": "重复$%repeat$%repeat$%$%",         "icon": "icon.png"}
{"title": "di", "subtitle": "说", "arg": "di$%说$%di$%$%",         "icon": "icon.png"}
{"title": "dialo", "subtitle": "dialo", "arg": "dialo$%dialo$%dialo$%$%",         "icon": "icon.png"}
{"title": "dialog", "subtitle": "对话框", "arg": "dialog$%对话框$%dialog$%$%",         "icon": "icon.png"}
{"title": "d", "subtitle": "d", "arg": "d$%d$%d$%$%",         "icon": "icon.png"}
{"title": "嵌套", "subtitle": "nested", "arg": "嵌套$%nested$%nested$%$%",         "icon": "icon.png"}
{"title": "Doodle", "subtitle": "涂鸦", "arg": "Doodle$%涂鸦$%Doodle$%$%",         "icon": "icon.png"}
{"title": "demonstrate", "subtitle": "演示", "arg": "demonstrate$%演示$%demonstrate$%$%",         "icon": "icon.png"}
{"title": "dissected", "subtitle": "解剖", "arg": "dissected$%解剖$%dissected$%$%",         "icon": "icon.png"}
{"title": "intergation", "subtitle": "intergation", "arg": "intergation$%intergation$%intergation$%$%",         "icon": "icon.png"}
{"title": "没有", "subtitle": "There is no", "arg": "没有$%There is no$%There is no$%$%",         "icon": "icon.png"}
{"title": "没有用", "subtitle": "No use", "arg": "没有用$%No use$%No use$%$%",         "icon": "icon.png"}
{"title": "fus", "subtitle": "听到", "arg": "fus$%听到$%fus$%$%",         "icon": "icon.png"}
{"title": "复数", "subtitle": "The plural", "arg": "复数$%The plural$%The plural$%$%",         "icon": "icon.png"}
{"title": "in", "subtitle": "在", "arg": "in$%在$%in$%$%",         "icon": "icon.png"}
{"title": "integer", "subtitle": "整数", "arg": "integer$%整数$%integer$%$%",         "icon": "icon.png"}
{"title": "integer pat", "subtitle": "整数帕特", "arg": "integer pat$%整数帕特$%integer pat$%$%",         "icon": "icon.png"}
{"title": "in", "subtitle": "在", "arg": "in$%在$%in$%$%",         "icon": "icon.png"}
{"title": "integer", "subtitle": "整数", "arg": "integer$%整数$%integer$%$%",         "icon": "icon.png"}
{"title": "ultimate", "subtitle": "最终", "arg": "ultimate$%最终$%ultimate$%$%",         "icon": "icon.png"}
{"title": "测试", "subtitle": "test", "arg": "测试$%test$%test$%$%",         "icon": "icon.png"}
{"title": "临时", "subtitle": "temporary", "arg": "临时$%temporary$%temporary$%$%",         "icon": "icon.png"}
{"title": "discharge", "subtitle": "放电", "arg": "discharge$%放电$%discharge$%$%",         "icon": "icon.png"}
{"title": "多余的", "subtitle": "redundant", "arg": "多余的$%redundant$%redundant$%$%",         "icon": "icon.png"}
{"title": "diverged", "subtitle": "分化", "arg": "diverged$%分化$%diverged$%$%",         "icon": "icon.png"}
{"title": "生效", "subtitle": "To take effect", "arg": "生效$%To take effect$%To take effect$%$%",         "icon": "icon.png"}
{"title": "生效时间", "subtitle": "Effect of time", "arg": "生效时间$%Effect of time$%Effect of time$%$%",         "icon": "icon.png"}
{"title": "生效", "subtitle": "To take effect", "arg": "生效$%To take effect$%To take effect$%$%",         "icon": "icon.png"}
{"title": "充值", "subtitle": "top-up", "arg": "充值$%top-up$%top-up$%$%",         "icon": "icon.png"}
{"title": "策略", "subtitle": "strategy", "arg": "策略$%strategy$%strategy$%$%",         "icon": "icon.png"}
{"title": "金额", "subtitle": "The amount of", "arg": "金额$%The amount of$%The amount of$%$%",         "icon": "icon.png"}
{"title": "礼包", "subtitle": "Gift bag", "arg": "礼包$%Gift bag$%Gift bag$%$%",         "icon": "icon.png"}
{"title": "li", "subtitle": "读了", "arg": "li$%读了$%li$%$%",         "icon": "icon.png"}
{"title": "Lingque", "subtitle": "Lingque", "arg": "Lingque$%Lingque$%Lingque$%$%",         "icon": "icon.png"}
{"title": "L", "subtitle": "l", "arg": "L$%l$%L$%$%",         "icon": "icon.png"}
{"title": "l", "subtitle": "l", "arg": "l$%l$%l$%$%",         "icon": "icon.png"}
{"title": "领取", "subtitle": "To receive", "arg": "领取$%To receive$%To receive$%$%",         "icon": "icon.png"}
{"title": "compaian", "subtitle": "compaian", "arg": "compaian$%compaian$%compaian$%$%",         "icon": "icon.png"}
{"title": "campaian", "subtitle": "campaian", "arg": "campaian$%campaian$%campaian$%$%",         "icon": "icon.png"}
{"title": "卷", "subtitle": "volume", "arg": "卷$%volume$%volume$%$%",         "icon": "icon.png"}
{"title": "券", "subtitle": "vouchers", "arg": "券$%vouchers$%vouchers$%$%",         "icon": "icon.png"}
{"title": "券包", "subtitle": "Voucher package", "arg": "券包$%Voucher package$%Voucher package$%$%",         "icon": "icon.png"}
{"title": "February", "subtitle": "2月", "arg": "February$%2月$%February$%$%",         "icon": "icon.png"}
{"title": "优惠券", "subtitle": "coupons", "arg": "优惠券$%coupons$%coupons$%$%",         "icon": "icon.png"}
{"title": "预购", "subtitle": "Purchase in advance", "arg": "预购$%Purchase in advance$%Purchase in advance$%$%",         "icon": "icon.png"}
{"title": "预购卷", "subtitle": "A rain volume", "arg": "预购卷$%A rain volume$%A rain volume$%$%",         "icon": "icon.png"}
{"title": "预", "subtitle": "pre", "arg": "预$%pre$%pre$%$%",         "icon": "icon.png"}
{"title": "预购", "subtitle": "Purchase in advance", "arg": "预购$%Purchase in advance$%Purchase in advance$%$%",         "icon": "icon.png"}
{"title": "失效", "subtitle": "failure", "arg": "失效$%failure$%failure$%$%",         "icon": "icon.png"}
{"title": "过期", "subtitle": "overdue", "arg": "过期$%overdue$%overdue$%$%",         "icon": "icon.png"}
{"title": "金额", "subtitle": "The amount of", "arg": "金额$%The amount of$%The amount of$%$%",         "icon": "icon.png"}
{"title": "面额", "subtitle": "denomination", "arg": "面额$%denomination$%denomination$%$%",         "icon": "icon.png"}
{"title": "金钱", "subtitle": "money", "arg": "金钱$%money$%money$%$%",         "icon": "icon.png"}
{"title": "金钱符号", "subtitle": "Money symbol", "arg": "金钱符号$%Money symbol$%Money symbol$%$%",         "icon": "icon.png"}
{"title": "1080", "subtitle": "1080", "arg": "1080$%1080$%1080$%$%",         "icon": "icon.png"}
{"title": "1080/", "subtitle": "1080 /", "arg": "1080/$%1080 /$%1080/$%$%",         "icon": "icon.png"}
{"title": "1080/2", "subtitle": "1080/2", "arg": "1080/2$%1080/2$%1080/2$%$%",         "icon": "icon.png"}
{"title": "切换", "subtitle": "switch", "arg": "切换$%switch$%switch$%$%",         "icon": "icon.png"}
{"title": "pur", "subtitle": "纯净的", "arg": "pur$%纯净的$%pur$%$%",         "icon": "icon.png"}
{"title": "purse", "subtitle": "钱包", "arg": "purse$%钱包$%purse$%$%",         "icon": "icon.png"}
{"title": "authenticate", "subtitle": "进行身份验证", "arg": "authenticate$%进行身份验证$%authenticate$%$%",         "icon": "icon.png"}
{"title": "fontLigatures", "subtitle": "fontLigatures", "arg": "fontLigatures$%fontLigatures$%fontLigatures$%$%",         "icon": "icon.png"}
{"title": "Ligatures", "subtitle": "绑扎", "arg": "Ligatures$%绑扎$%Ligatures$%$%",         "icon": "icon.png"}
{"title": "券", "subtitle": "vouchers", "arg": "券$%vouchers$%vouchers$%$%",         "icon": "icon.png"}
{"title": "有效的", "subtitle": "effective", "arg": "有效的$%effective$%effective$%$%",         "icon": "icon.png"}
{"title": "energetic", "subtitle": "精力充沛的", "arg": "energetic$%精力充沛的$%energetic$%$%",         "icon": "icon.png"}
{"title": "discharge", "subtitle": "放电", "arg": "discharge$%放电$%discharge$%$%",         "icon": "icon.png"}
{"title": "pause", "subtitle": "暂停", "arg": "pause$%暂停$%pause$%$%",         "icon": "icon.png"}
{"title": "fuwu", "subtitle": "fuwu", "arg": "fuwu$%fuwu$%fuwu$%$%",         "icon": "icon.png"}
{"title": "服务", "subtitle": "service", "arg": "服务$%service$%service$%$%",         "icon": "icon.png"}
{"title": "服务预购券", "subtitle": "Pre-order coupons", "arg": "服务预购券$%Pre-order coupons$%Pre-order coupons$%$%",         "icon": "icon.png"}
{"title": "商品", "subtitle": "goods", "arg": "商品$%goods$%goods$%$%",         "icon": "icon.png"}
{"title": "商品预购", "subtitle": "Goods purchased", "arg": "商品预购$%Goods purchased$%Goods purchased$%$%",         "icon": "icon.png"}
{"title": "商品预购券", "subtitle": "Purchase vouchers for merchandise", "arg": "商品预购券$%Purchase vouchers for merchandise$%Purchase vouchers for merchandise$%$%",         "icon": "icon.png"}
{"title": "zh", "subtitle": "古银", "arg": "zh$%古银$%zh$%$%",         "icon": "icon.png"}
{"title": "主要", "subtitle": "The main", "arg": "主要$%The main$%The main$%$%",         "icon": "icon.png"}
{"title": "次要", "subtitle": "secondary", "arg": "次要$%secondary$%secondary$%$%",         "icon": "icon.png"}
{"title": "次要", "subtitle": "secondary", "arg": "次要$%secondary$%secondary$%$%",         "icon": "icon.png"}
{"title": "varch", "subtitle": "varch", "arg": "varch$%varch$%varch$%$%",         "icon": "icon.png"}
{"title": "varchour", "subtitle": "varchour", "arg": "varchour$%varchour$%varchour$%$%",         "icon": "icon.png"}
{"title": "券", "subtitle": "vouchers", "arg": "券$%vouchers$%vouchers$%$%",         "icon": "icon.png"}
{"title": "商城", "subtitle": "mall", "arg": "商城$%mall$%mall$%$%",         "icon": "icon.png"}
{"title": "f", "subtitle": "f", "arg": "f$%f$%f$%$%",         "icon": "icon.png"}
{"title": "分割线", "subtitle": "The divider", "arg": "分割线$%The divider$%The divider$%$%",         "icon": "icon.png"}
{"title": "1552838399000", "subtitle": "1552838399000", "arg": "1552838399000$%1552838399000$%1552838399000$%$%",         "icon": "icon.png"}
{"title": "1552838399", "subtitle": "1552838399", "arg": "1552838399$%1552838399$%1552838399$%$%",         "icon": "icon.png"}
{"title": "券", "subtitle": "vouchers", "arg": "券$%vouchers$%vouchers$%$%",         "icon": "icon.png"}
{"title": "券包", "subtitle": "Voucher package", "arg": "券包$%Voucher package$%Voucher package$%$%",         "icon": "icon.png"}
{"title": "s", "subtitle": "年代", "arg": "s$%年代$%s$%$%",         "icon": "icon.png"}
{"title": "首次", "subtitle": "For the first time", "arg": "首次$%For the first time$%For the first time$%$%",         "icon": "icon.png"}
{"title": "重新", "subtitle": "again", "arg": "重新$%again$%again$%$%",         "icon": "icon.png"}
{"title": "重新进入", "subtitle": "Back into the", "arg": "重新进入$%Back into the$%Back into the$%$%",         "icon": "icon.png"}
{"title": "首次", "subtitle": "For the first time", "arg": "首次$%For the first time$%For the first time$%$%",         "icon": "icon.png"}
{"title": "组合", "subtitle": "combination", "arg": "组合$%combination$%combination$%$%",         "icon": "icon.png"}
{"title": "优惠券", "subtitle": "coupons", "arg": "优惠券$%coupons$%coupons$%$%",         "icon": "icon.png"}
{"title": "undo", "subtitle": "撤销", "arg": "undo$%撤销$%undo$%$%",         "icon": "icon.png"}
{"title": "undo", "subtitle": "撤销", "arg": "undo$%撤销$%undo$%$%",         "icon": "icon.png"}
{"title": "extensively", "subtitle": "广泛", "arg": "extensively$%广泛$%extensively$%$%",         "icon": "icon.png"}
{"title": "inconsistencies", "subtitle": "不一致", "arg": "inconsistencies$%不一致$%inconsistencies$%$%",         "icon": "icon.png"}
{"title": "squoosh", "subtitle": "拥挤的人群", "arg": "squoosh$%拥挤的人群$%squoosh$%$%",         "icon": "icon.png"}
{"title": "136", "subtitle": "136", "arg": "136$%136$%136$%$%",         "icon": "icon.png"}
{"title": "136/", "subtitle": "136 /", "arg": "136/$%136 /$%136/$%$%",         "icon": "icon.png"}
{"title": "136/56", "subtitle": "136/56", "arg": "136/56$%136/56$%136/56$%$%",         "icon": "icon.png"}
{"title": "136/560", "subtitle": "136/560", "arg": "136/560$%136/560$%136/560$%$%",         "icon": "icon.png"}
{"title": "一起", "subtitle": "together", "arg": "一起$%together$%together$%$%",         "icon": "icon.png"}
{"title": "y", "subtitle": "和", "arg": "y$%和$%y$%$%",         "icon": "icon.png"}
{"title": "toghter", "subtitle": "一齐", "arg": "toghter$%一齐$%toghter$%$%",         "icon": "icon.png"}
{"title": "直接", "subtitle": "directly", "arg": "直接$%directly$%directly$%$%",         "icon": "icon.png"}
{"title": "直接跳转", "subtitle": "Jump straight", "arg": "直接跳转$%Jump straight$%Jump straight$%$%",         "icon": "icon.png"}
{"title": "直接", "subtitle": "directly", "arg": "直接$%directly$%directly$%$%",         "icon": "icon.png"}
{"title": "zh", "subtitle": "古银", "arg": "zh$%古银$%zh$%$%",         "icon": "icon.png"}
{"title": "直接", "subtitle": "directly", "arg": "直接$%directly$%directly$%$%",         "icon": "icon.png"}
{"title": "直接跳转", "subtitle": "Jump straight", "arg": "直接跳转$%Jump straight$%Jump straight$%$%",         "icon": "icon.png"}
{"title": "approximate", "subtitle": "近似", "arg": "approximate$%近似$%approximate$%$%",         "icon": "icon.png"}
{"title": "订货", "subtitle": "Place an order", "arg": "订货$%Place an order$%Place an order$%$%",         "icon": "icon.png"}
{"title": "go", "subtitle": "去", "arg": "go$%去$%go$%$%",         "icon": "icon.png"}
{"title": "公众号", "subtitle": "The public,", "arg": "公众号$%The public,$%The public,$%$%",         "icon": "icon.png"}
{"title": "优惠", "subtitle": "preferential", "arg": "优惠$%preferential$%preferential$%$%",         "icon": "icon.png"}
{"title": "mo", "subtitle": "莫", "arg": "mo$%莫$%mo$%$%",         "icon": "icon.png"}
{"title": "motation", "subtitle": "motation", "arg": "motation$%motation$%motation$%$%",         "icon": "icon.png"}
{"title": "mutation", "subtitle": "突变", "arg": "mutation$%突变$%mutation$%$%",         "icon": "icon.png"}
{"title": "封装", "subtitle": "encapsulation", "arg": "封装$%encapsulation$%encapsulation$%$%",         "icon": "icon.png"}
{"title": "detrimental", "subtitle": "有害的", "arg": "detrimental$%有害的$%detrimental$%$%",         "icon": "icon.png"}
{"title": "接送", "subtitle": "Pick up", "arg": "接送$%Pick up$%Pick up$%$%",         "icon": "icon.png"}
{"title": "sh", "subtitle": "上海", "arg": "sh$%上海$%sh$%$%",         "icon": "icon.png"}
{"title": "shuttle", "subtitle": "航天飞机", "arg": "shuttle$%航天飞机$%shuttle$%$%",         "icon": "icon.png"}
{"title": "xu", "subtitle": "徐", "arg": "xu$%徐$%xu$%$%",         "icon": "icon.png"}
{"title": "x", "subtitle": "x", "arg": "x$%x$%x$%$%",         "icon": "icon.png"}
{"title": "x", "subtitle": "x", "arg": "x$%x$%x$%$%",         "icon": "icon.png"}
{"title": "unmet", "subtitle": "未满足的", "arg": "unmet$%未满足的$%unmet$%$%",         "icon": "icon.png"}
{"title": "蒙版", "subtitle": "The mask", "arg": "蒙版$%The mask$%The mask$%$%",         "icon": "icon.png"}
{"title": "re", "subtitle": "再保险", "arg": "re$%再保险$%re$%$%",         "icon": "icon.png"}
{"title": "registry", "subtitle": "注册表", "arg": "registry$%注册表$%registry$%$%",         "icon": "icon.png"}
{"title": "ro", "subtitle": "罗依", "arg": "ro$%罗依$%ro$%$%",         "icon": "icon.png"}
{"title": "冗余", "subtitle": "redundant", "arg": "冗余$%redundant$%redundant$%$%",         "icon": "icon.png"}
{"title": "冗余的", "subtitle": "redundant", "arg": "冗余的$%redundant$%redundant$%$%",         "icon": "icon.png"}
{"title": "dotfiles", "subtitle": ".", "arg": "dotfiles$%.$%dotfiles$%$%",         "icon": "icon.png"}
